c:\users\ariadna\onedrive\escritorio\engine\engine-main\engine\source\engine\engine\source\x64\release\vc142.pdb
c:\users\ariadna\onedrive\escritorio\engine\engine-main\engine\source\engine\engine\source\x64\release\modulecamera.obj
c:\users\ariadna\onedrive\escritorio\engine\engine-main\engine\source\engine\engine\source\x64\release\plane.obj
c:\users\ariadna\onedrive\escritorio\engine\engine-main\engine\source\engine\engine\source\x64\release\imgui.obj
c:\users\ariadna\onedrive\escritorio\engine\engine-main\engine\source\engine\engine\source\x64\release\moduleprogram.obj
c:\users\ariadna\onedrive\escritorio\engine\engine-main\engine\source\engine\engine\source\x64\release\moduleeditor.obj
c:\users\ariadna\onedrive\escritorio\engine\engine-main\engine\source\engine\engine\source\x64\release\moduleopengl.obj
c:\users\ariadna\onedrive\escritorio\engine\engine-main\engine\source\engine\engine\source\x64\release\moduledebugdraw.obj
c:\users\ariadna\onedrive\escritorio\engine\engine-main\engine\source\engine\engine\source\x64\release\application.obj
c:\users\ariadna\onedrive\escritorio\engine\engine-main\engine\source\engine\engine\source\x64\release\modulerenderexercise.obj
c:\users\ariadna\onedrive\escritorio\engine\engine-main\engine\source\engine\engine\source\x64\release\model.obj
c:\users\ariadna\onedrive\escritorio\engine\engine-main\engine\source\engine\engine\source\x64\release\moduletexture.obj
c:\users\ariadna\onedrive\escritorio\engine\engine-main\engine\source\engine\engine\source\x64\release\moduleinput.obj
c:\users\ariadna\onedrive\escritorio\engine\engine-main\engine\source\engine\engine\source\x64\release\imgui_demo.obj
c:\users\ariadna\onedrive\escritorio\engine\engine-main\engine\source\engine\engine\source\x64\release\modulewindow.obj
c:\users\ariadna\onedrive\escritorio\engine\engine-main\engine\source\engine\engine\source\x64\release\mesh.obj
c:\users\ariadna\onedrive\escritorio\engine\engine-main\engine\source\engine\engine\source\x64\release\main.obj
c:\users\ariadna\onedrive\escritorio\engine\engine-main\engine\source\engine\engine\source\x64\release\mathops.obj
c:\users\ariadna\onedrive\escritorio\engine\engine-main\engine\source\engine\engine\source\x64\release\mathfunc.obj
c:\users\ariadna\onedrive\escritorio\engine\engine-main\engine\source\engine\engine\source\x64\release\triangle.obj
c:\users\ariadna\onedrive\escritorio\engine\engine-main\engine\source\engine\engine\source\x64\release\sphere.obj
c:\users\ariadna\onedrive\escritorio\engine\engine-main\engine\source\engine\engine\source\x64\release\ray.obj
c:\users\ariadna\onedrive\escritorio\engine\engine-main\engine\source\engine\engine\source\x64\release\polyhedron.obj
c:\users\ariadna\onedrive\escritorio\engine\engine-main\engine\source\engine\engine\source\x64\release\polygon.obj
c:\users\ariadna\onedrive\escritorio\engine\engine-main\engine\source\engine\engine\source\x64\release\obb.obj
c:\users\ariadna\onedrive\escritorio\engine\engine-main\engine\source\engine\engine\source\x64\release\linesegment.obj
c:\users\ariadna\onedrive\escritorio\engine\engine-main\engine\source\engine\engine\source\x64\release\line.obj
c:\users\ariadna\onedrive\escritorio\engine\engine-main\engine\source\engine\engine\source\x64\release\frustum.obj
c:\users\ariadna\onedrive\escritorio\engine\engine-main\engine\source\engine\engine\source\x64\release\cylinder.obj
c:\users\ariadna\onedrive\escritorio\engine\engine-main\engine\source\engine\engine\source\x64\release\cone.obj
c:\users\ariadna\onedrive\escritorio\engine\engine-main\engine\source\engine\engine\source\x64\release\circle.obj
c:\users\ariadna\onedrive\escritorio\engine\engine-main\engine\source\engine\engine\source\x64\release\capsule.obj
c:\users\ariadna\onedrive\escritorio\engine\engine-main\engine\source\engine\engine\source\x64\release\aabb.obj
c:\users\ariadna\onedrive\escritorio\engine\engine-main\engine\source\engine\engine\source\x64\release\lcg.obj
c:\users\ariadna\onedrive\escritorio\engine\engine-main\engine\source\engine\engine\source\x64\release\clock.obj
c:\users\ariadna\onedrive\escritorio\engine\engine-main\engine\source\engine\engine\source\x64\release\float4x4.obj
c:\users\ariadna\onedrive\escritorio\engine\engine-main\engine\source\engine\engine\source\x64\release\float4.obj
c:\users\ariadna\onedrive\escritorio\engine\engine-main\engine\source\engine\engine\source\x64\release\float3x4.obj
c:\users\ariadna\onedrive\escritorio\engine\engine-main\engine\source\engine\engine\source\x64\release\float3x3.obj
c:\users\ariadna\onedrive\escritorio\engine\engine-main\engine\source\engine\engine\source\x64\release\float3.obj
c:\users\ariadna\onedrive\escritorio\engine\engine-main\engine\source\engine\engine\source\x64\release\float2.obj
c:\users\ariadna\onedrive\escritorio\engine\engine-main\engine\source\engine\engine\source\x64\release\transformops.obj
c:\users\ariadna\onedrive\escritorio\engine\engine-main\engine\source\engine\engine\source\x64\release\ssemath.obj
c:\users\ariadna\onedrive\escritorio\engine\engine-main\engine\source\engine\engine\source\x64\release\quat.obj
c:\users\ariadna\onedrive\escritorio\engine\engine-main\engine\source\engine\engine\source\x64\release\polynomial.obj
c:\users\ariadna\onedrive\escritorio\engine\engine-main\engine\source\engine\engine\source\x64\release\imgui_impl_opengl3.obj
c:\users\ariadna\onedrive\escritorio\engine\engine-main\engine\source\engine\engine\source\x64\release\log.obj
c:\users\ariadna\onedrive\escritorio\engine\engine-main\engine\source\engine\engine\source\x64\release\imgui_widgets.obj
c:\users\ariadna\onedrive\escritorio\engine\engine-main\engine\source\engine\engine\source\x64\release\imgui_tables.obj
c:\users\ariadna\onedrive\escritorio\engine\engine-main\engine\source\engine\engine\source\x64\release\imgui_impl_sdl2.obj
c:\users\ariadna\onedrive\escritorio\engine\engine-main\engine\source\engine\engine\source\x64\release\imgui_draw.obj
c:\users\ariadna\onedrive\escritorio\engine\engine-main\engine\source\engine\engine\source\x64\release\mathlog.obj
c:\users\ariadna\onedrive\escritorio\engine\engine-main\engine\source\engine\engine\source\x64\release\bitops.obj
c:\users\ariadna\onedrive\escritorio\engine\engine-main\engine\source\engine\engine\source\x64\release\trianglemesh.obj
c:\users\ariadna\onedrive\escritorio\engine\engine-main\engine\source\engine\engine\source\x64\release\engine.ipdb
c:\users\ariadna\onedrive\escritorio\engine\engine-main\engine\source\engine\engine\source\x64\release\engine.iobj
c:\users\ariadna\onedrive\escritorio\engine\engine-main\engine\source\engine\engine\source\x64\release\engine.pdb
c:\users\ariadna\onedrive\escritorio\engine\engine-main\engine\source\engine\engine\source\x64\release\engine.tlog\cl.command.1.tlog
c:\users\ariadna\onedrive\escritorio\engine\engine-main\engine\source\engine\engine\source\x64\release\engine.tlog\cl.read.1.tlog
c:\users\ariadna\onedrive\escritorio\engine\engine-main\engine\source\engine\engine\source\x64\release\engine.tlog\cl.write.1.tlog
c:\users\ariadna\onedrive\escritorio\engine\engine-main\engine\source\engine\engine\source\x64\release\engine.tlog\engine.write.1u.tlog
c:\users\ariadna\onedrive\escritorio\engine\engine-main\engine\source\engine\engine\source\x64\release\engine.tlog\link.command.1.tlog
c:\users\ariadna\onedrive\escritorio\engine\engine-main\engine\source\engine\engine\source\x64\release\engine.tlog\link.read.1.tlog
c:\users\ariadna\onedrive\escritorio\engine\engine-main\engine\source\engine\engine\source\x64\release\engine.tlog\link.write.1.tlog
