  Application.cpp
  ModuleCamera.cpp
  ModuleEditor.cpp
C:\Users\Ariadna\OneDrive\Escritorio\Engine\Engine-main\Engine\Source\Engine\Engine\Source\ModuleEditor.cpp(46,45): warning C4244: '=': conversión de 'int' a 'float'; posible pérdida de datos
C:\Users\Ariadna\OneDrive\Escritorio\Engine\Engine-main\Engine\Source\Engine\Engine\Source\ModuleEditor.cpp(48,35): warning C4244: '=': conversión de 'int' a 'float'; posible pérdida de datos
  ModuleInput.cpp
  ModuleOpenGL.cpp
C:\Users\Ariadna\OneDrive\Escritorio\Engine\Engine-main\Engine\Source\Engine\Engine\Source\ModuleOpenGL.cpp(136,108): warning C4267: 'argumento': conversión de 'size_t' a 'int'; posible pérdida de datos
C:\Users\Ariadna\OneDrive\Escritorio\Engine\Engine-main\Engine\Source\Engine\Engine\Source\ModuleOpenGL.cpp(143,105): warning C4267: 'argumento': conversión de 'size_t' a 'int'; posible pérdida de datos
  ModuleProgram.cpp
  ModuleRenderExercise.cpp
  ModuleTexture.cpp
C:\Users\Ariadna\OneDrive\Escritorio\Engine\Engine-main\Engine\Source\Engine\Engine\Source\ModuleTexture.cpp(103,104): warning C4267: 'argumento': conversión de 'size_t' a 'GLsizei'; posible pérdida de datos
C:\Users\Ariadna\OneDrive\Escritorio\Engine\Engine-main\Engine\Source\Engine\Engine\Source\ModuleTexture.cpp(103,104): warning C4267: 'argumento': conversión de 'size_t' a 'GLint'; posible pérdida de datos
C:\Users\Ariadna\OneDrive\Escritorio\Engine\Engine-main\Engine\Source\Engine\Engine\Source\ModuleTexture.cpp(112,131): warning C4267: 'argumento': conversión de 'size_t' a 'GLsizei'; posible pérdida de datos
  ModuleWindow.cpp
  Generando código
  981 of 6132 functions (16.0%) were compiled, the rest were copied from previous compilation.
    0 functions were new in current compilation
    251 functions had inline decision re-evaluated but remain unchanged
  Generación de código finalizada
  Engine.vcxproj -> C:\Users\Ariadna\OneDrive\Escritorio\Engine\Engine-main\Engine\Source\Engine\Engine\Source\x64\Release\Engine.exe
