c:\users\ariadnacp1\documents\github\engine\engine\source\x64\debug\vc142.pdb
c:\users\ariadnacp1\documents\github\engine\engine\source\x64\debug\vc142.idb
c:\users\ariadnacp1\documents\github\engine\engine\source\x64\debug\obb.obj
c:\users\ariadnacp1\documents\github\engine\engine\source\x64\debug\linesegment.obj
c:\users\ariadnacp1\documents\github\engine\engine\source\x64\debug\line.obj
c:\users\ariadnacp1\documents\github\engine\engine\source\x64\debug\frustum.obj
c:\users\ariadnacp1\documents\github\engine\engine\source\x64\debug\cylinder.obj
c:\users\ariadnacp1\documents\github\engine\engine\source\x64\debug\cone.obj
c:\users\ariadnacp1\documents\github\engine\engine\source\x64\debug\circle.obj
c:\users\ariadnacp1\documents\github\engine\engine\source\x64\debug\capsule.obj
c:\users\ariadnacp1\documents\github\engine\engine\source\x64\debug\aabb.obj
c:\users\ariadnacp1\documents\github\engine\engine\source\x64\debug\lcg.obj
c:\users\ariadnacp1\documents\github\engine\engine\source\x64\debug\main.obj
c:\users\ariadnacp1\documents\github\engine\engine\source\x64\debug\log.obj
c:\users\ariadnacp1\documents\github\engine\engine\source\x64\debug\imgui_widgets.obj
c:\users\ariadnacp1\documents\github\engine\engine\source\x64\debug\imgui_tables.obj
c:\users\ariadnacp1\documents\github\engine\engine\source\x64\debug\imgui_impl_sdl2.obj
c:\users\ariadnacp1\documents\github\engine\engine\source\x64\debug\imgui_impl_opengl3.obj
c:\users\ariadnacp1\documents\github\engine\engine\source\x64\debug\imgui_draw.obj
c:\users\ariadnacp1\documents\github\engine\engine\source\x64\debug\imgui_demo.obj
c:\users\ariadnacp1\documents\github\engine\engine\source\x64\debug\imgui.obj
c:\users\ariadnacp1\documents\github\engine\engine\source\x64\debug\application.obj
c:\users\ariadnacp1\documents\github\engine\engine\source\x64\debug\ssemath.obj
c:\users\ariadnacp1\documents\github\engine\engine\source\x64\debug\quat.obj
c:\users\ariadnacp1\documents\github\engine\engine\source\x64\debug\polynomial.obj
c:\users\ariadnacp1\documents\github\engine\engine\source\x64\debug\mathops.obj
c:\users\ariadnacp1\documents\github\engine\engine\source\x64\debug\mathlog.obj
c:\users\ariadnacp1\documents\github\engine\engine\source\x64\debug\mathfunc.obj
c:\users\ariadnacp1\documents\github\engine\engine\source\x64\debug\float4x4.obj
c:\users\ariadnacp1\documents\github\engine\engine\source\x64\debug\float4.obj
c:\users\ariadnacp1\documents\github\engine\engine\source\x64\debug\float3x4.obj
c:\users\ariadnacp1\documents\github\engine\engine\source\x64\debug\float3x3.obj
c:\users\ariadnacp1\documents\github\engine\engine\source\x64\debug\float3.obj
c:\users\ariadnacp1\documents\github\engine\engine\source\x64\debug\float2.obj
c:\users\ariadnacp1\documents\github\engine\engine\source\x64\debug\bitops.obj
c:\users\ariadnacp1\documents\github\engine\engine\source\x64\debug\trianglemesh.obj
c:\users\ariadnacp1\documents\github\engine\engine\source\x64\debug\triangle.obj
c:\users\ariadnacp1\documents\github\engine\engine\source\x64\debug\sphere.obj
c:\users\ariadnacp1\documents\github\engine\engine\source\x64\debug\ray.obj
c:\users\ariadnacp1\documents\github\engine\engine\source\x64\debug\polyhedron.obj
c:\users\ariadnacp1\documents\github\engine\engine\source\x64\debug\polygon.obj
c:\users\ariadnacp1\documents\github\engine\engine\source\x64\debug\plane.obj
c:\users\ariadnacp1\documents\github\engine\engine\source\x64\debug\modulewindow.obj
c:\users\ariadnacp1\documents\github\engine\engine\source\x64\debug\moduletexture.obj
c:\users\ariadnacp1\documents\github\engine\engine\source\x64\debug\modulerenderexercise.obj
c:\users\ariadnacp1\documents\github\engine\engine\source\x64\debug\moduleprogram.obj
c:\users\ariadnacp1\documents\github\engine\engine\source\x64\debug\moduleopengl.obj
c:\users\ariadnacp1\documents\github\engine\engine\source\x64\debug\moduleinput.obj
c:\users\ariadnacp1\documents\github\engine\engine\source\x64\debug\moduleeditor.obj
c:\users\ariadnacp1\documents\github\engine\engine\source\x64\debug\moduledebugdraw.obj
c:\users\ariadnacp1\documents\github\engine\engine\source\x64\debug\modulecamera.obj
c:\users\ariadnacp1\documents\github\engine\engine\source\x64\debug\model.obj
c:\users\ariadnacp1\documents\github\engine\engine\source\x64\debug\mesh.obj
c:\users\ariadnacp1\documents\github\engine\engine\source\x64\debug\clock.obj
c:\users\ariadnacp1\documents\github\engine\engine\source\x64\debug\transformops.obj
c:\users\ariadnacp1\documents\github\engine\engine\source\x64\debug\engine.exe
c:\users\ariadnacp1\documents\github\engine\engine\source\x64\debug\engine.ilk
c:\users\ariadnacp1\documents\github\engine\engine\source\x64\debug\engine.pdb
c:\users\ariadnacp1\documents\github\engine\engine\source\x64\debug\engine.tlog\cl.command.1.tlog
c:\users\ariadnacp1\documents\github\engine\engine\source\x64\debug\engine.tlog\cl.read.1.tlog
c:\users\ariadnacp1\documents\github\engine\engine\source\x64\debug\engine.tlog\cl.write.1.tlog
c:\users\ariadnacp1\documents\github\engine\engine\source\x64\debug\engine.tlog\link.command.1.tlog
c:\users\ariadnacp1\documents\github\engine\engine\source\x64\debug\engine.tlog\link.read.1.tlog
c:\users\ariadnacp1\documents\github\engine\engine\source\x64\debug\engine.tlog\link.write.1.tlog
